2024-04-16 13:48:21 - INFO:Reading GDBs...
2024-04-16 13:48:21 - INFO:Processing Division 01...
2024-04-16 13:48:23 - INFO:Creating container dataset for annotation...
2024-04-16 13:49:13 - INFO:Reading GDBs...
2024-04-16 13:49:13 - INFO:Processing Division 01...
2024-04-16 13:49:15 - INFO:Creating container dataset for annotation...
2024-04-16 13:50:01 - INFO:Reading GDBs...
2024-04-16 13:50:01 - INFO:Processing Division 01...
2024-04-16 13:50:02 - INFO:Creating container dataset for annotation...
2024-04-16 13:50:08 - INFO:Now processing layer:
NonNBISPipes_4xMap
2024-04-16 13:51:01 - INFO:Tilting tiles...
2024-04-16 13:51:50 - INFO:Now processing layer:
Structures_4xMap
2024-04-16 13:52:30 - INFO:Tilting tiles...
2024-04-16 13:52:55 - INFO:Now processing layer:
Transportation_4xMap
2024-04-16 13:53:50 - INFO:Tilting tiles...
2024-04-16 14:02:36 - INFO:Reading GDBs...
2024-04-16 14:02:36 - INFO:Compacting output gdb...
2024-04-16 14:03:07 - INFO:Reading GDBs...
2024-04-16 14:03:07 - INFO:Compacting output gdb...
2024-04-16 14:03:10 - INFO:Processing Division 01...
2024-04-16 14:03:12 - INFO:Deleting existing annotation dataset...
2024-04-16 14:04:29 - INFO:Reading GDBs...
2024-04-16 14:04:29 - INFO:Compacting output gdb...
2024-04-16 14:04:32 - INFO:Processing Division 01...
2024-04-16 14:04:33 - INFO:Deleting existing annotation dataset...
2024-04-16 14:04:43 - INFO:Creating container dataset for annotation...
2024-04-16 14:04:47 - INFO:Now processing layer:
NonNBISPipes_4xMap
2024-04-16 14:05:38 - INFO:Tilting tiles...

2024-04-16 14:06:18 - INFO:Reading GDBs...
2024-04-16 14:06:18 - INFO:Compacting output gdb...
2024-04-16 14:06:23 - INFO:Processing Division 01...
2024-04-16 14:06:24 - INFO:Deleting existing annotation dataset...
2024-04-16 14:06:31 - INFO:Creating container dataset for annotation...
2024-04-16 14:06:35 - INFO:
Now processing layer:
NonNBISPipes_4xMap
2024-04-16 14:07:27 - INFO:Tilting tiles...
2024-04-16 14:07:58 - INFO:
Now processing layer:
Structures_4xMap
2024-04-16 14:08:31 - INFO:Tilting tiles...
2024-04-16 14:08:47 - INFO:
Now processing layer:
Transportation_4xMap
2024-04-16 14:09:35 - INFO:Tilting tiles...
2024-04-16 14:11:35 - INFO:
Now processing layer:
Boundary_4xMap
2024-04-16 14:12:07 - INFO:Tilting tiles...
2024-04-16 14:12:10 - INFO:
Now processing layer:
Cultural_4xMap
2024-04-16 14:12:46 - INFO:Tilting tiles...
2024-04-16 14:12:57 - INFO:Processing Division 02...
2024-04-16 14:12:57 - INFO:Creating container dataset for annotation...
2024-04-16 14:13:00 - INFO:
Now processing layer:
NonNBISPipes_4xMap
2024-04-16 14:18:02 - INFO:Reading GDBs...
2024-04-16 14:18:02 - INFO:Compacting output gdb...
2024-04-16 14:19:26 - INFO:

Processing Division 01...
2024-04-16 14:19:32 - INFO:Deleting existing annotation dataset...
2024-04-16 14:19:44 - INFO:Creating container dataset for annotation...
2024-04-16 14:19:49 - INFO:
Now processing layer:
NonNBISPipes_4xMap
2024-04-16 14:20:40 - INFO:Tilting tiles...
2024-04-16 14:21:11 - INFO:
Now processing layer:
Structures_4xMap
2024-04-16 14:21:43 - INFO:Tilting tiles...
2024-04-16 14:21:58 - INFO:
Now processing layer:
Transportation_4xMap
2024-04-16 14:22:46 - INFO:Tilting tiles...
2024-04-16 14:24:42 - INFO:
Now processing layer:
Boundary_4xMap
2024-04-16 14:25:14 - INFO:Tilting tiles...
2024-04-16 14:25:17 - INFO:
Now processing layer:
Cultural_4xMap
2024-04-16 14:25:56 - INFO:Tilting tiles...
2024-04-16 14:26:57 - INFO:

Processing Division 02...
2024-04-16 14:27:24 - INFO:Deleting existing annotation dataset...
2024-04-16 14:27:31 - INFO:Creating container dataset for annotation...
2024-04-16 14:27:50 - INFO:
Now processing layer:
NonNBISPipes_4xMap
2024-04-16 14:29:57 - INFO:Reading GDBs...
2024-04-16 14:29:57 - INFO:Compacting output gdb...
2024-04-16 14:30:27 - INFO:

Processing Division 01...
2024-04-16 14:30:29 - INFO:Deleting existing annotation dataset...
2024-04-16 14:30:40 - INFO:Creating container dataset for annotation...
2024-04-16 14:30:45 - INFO:
Now processing layer:
NonNBISPipes_4xMap
2024-04-16 14:32:02 - INFO:Tilting tiles...
2024-04-16 14:32:36 - INFO:
Now processing layer:
Structures_4xMap
2024-04-16 14:33:16 - INFO:Tilting tiles...
2024-04-16 14:33:31 - INFO:
Now processing layer:
Transportation_4xMap
2024-04-16 14:34:22 - INFO:Tilting tiles...
2024-04-16 14:36:15 - INFO:
Now processing layer:
Boundary_4xMap
2024-04-16 14:36:46 - INFO:Tilting tiles...
2024-04-16 14:36:49 - INFO:
Now processing layer:
Cultural_4xMap
2024-04-16 14:37:24 - INFO:Tilting tiles...
2024-04-16 14:38:18 - INFO:

Processing Division 02...
2024-04-16 14:38:21 - INFO:Deleting existing annotation dataset...
2024-04-16 14:38:27 - INFO:Creating container dataset for annotation...
2024-04-16 14:38:44 - INFO:
Now processing layer:
NonNBISPipes_4xMap
2024-04-16 14:44:20 - INFO:Reading GDBs...
2024-04-16 14:44:20 - INFO:Compacting output gdb...
2024-04-16 14:44:29 - INFO:

Processing Division 01...
2024-04-16 14:44:31 - INFO:Deleting existing annotation dataset...
2024-04-16 14:44:42 - INFO:Creating container dataset for annotation...
2024-04-16 14:44:46 - INFO:
Now processing layer:
NonNBISPipes_4xMap
2024-04-16 14:45:31 - INFO:Tilting tiles...
2024-04-16 14:46:00 - INFO:
Now processing layer:
Structures_4xMap
2024-04-16 14:46:34 - INFO:Tilting tiles...
2024-04-16 14:46:50 - INFO:
Now processing layer:
Transportation_4xMap
2024-04-16 14:47:40 - INFO:Tilting tiles...
2024-04-16 14:49:35 - INFO:
Now processing layer:
Boundary_4xMap
2024-04-16 14:50:08 - INFO:Tilting tiles...
2024-04-16 14:50:10 - INFO:
Now processing layer:
Cultural_4xMap
2024-04-16 14:50:49 - INFO:Tilting tiles...
2024-04-16 14:50:59 - INFO:

Processing Division 02...
2024-04-16 14:51:00 - INFO:Deleting existing annotation dataset...
2024-04-16 14:51:04 - INFO:Creating container dataset for annotation...
2024-04-16 14:51:07 - INFO:
Now processing layer:
NonNBISPipes_4xMap
2024-04-16 14:51:53 - INFO:Reading GDBs...
2024-04-16 14:51:53 - INFO:Compacting output gdb...
2024-04-16 14:52:02 - INFO:

Processing Division 01...
2024-04-16 14:52:04 - INFO:Deleting existing annotation dataset...
2024-04-16 14:52:15 - INFO:Creating container dataset for annotation...
2024-04-16 14:52:21 - INFO:
Now processing layer:
Transportation_4xMap
2024-04-16 14:53:21 - INFO:Tilting tiles...
2024-04-16 14:55:09 - INFO:
Now processing layer:
Cultural_4xMap
2024-04-16 14:55:46 - INFO:Tilting tiles...
2024-04-16 14:55:57 - INFO:

Processing Division 02...
2024-04-16 14:55:57 - INFO:Deleting existing annotation dataset...
2024-04-16 14:56:01 - INFO:Creating container dataset for annotation...
2024-04-16 14:56:04 - INFO:
Now processing layer:
Transportation_4xMap
2024-04-16 14:58:06 - INFO:Reading GDBs...
2024-04-16 14:58:06 - INFO:Compacting output gdb...
2024-04-16 14:58:14 - INFO:

Processing Division 01...
2024-04-16 14:58:16 - INFO:Deleting existing annotation dataset...
2024-04-16 14:58:23 - INFO:Creating container dataset for annotation...
2024-04-16 14:58:28 - INFO:
Now processing layer:
Transportation_4xMap
2024-04-16 14:59:30 - INFO:Tilting tiles...
2024-04-16 15:01:18 - INFO:
Now processing layer:
Cultural_4xMap
2024-04-16 15:01:51 - INFO:Tilting tiles...
2024-04-16 15:02:03 - INFO:

Processing Division 02...
2024-04-16 15:02:03 - INFO:Deleting existing annotation dataset...
2024-04-16 15:02:07 - INFO:Creating container dataset for annotation...
2024-04-16 15:02:10 - INFO:
Now processing layer:
Transportation_4xMap
2024-04-16 15:03:12 - INFO:Tilting tiles...
2024-04-16 15:05:22 - INFO:
Now processing layer:
Cultural_4xMap
2024-04-16 15:05:54 - INFO:Tilting tiles...
2024-04-16 15:06:19 - INFO:

Processing Division 03...
2024-04-16 15:06:19 - INFO:Creating container dataset for annotation...
2024-04-16 15:06:22 - INFO:
Now processing layer:
Transportation_4xMap
2024-04-16 15:07:16 - INFO:Tilting tiles...
2024-04-16 15:09:03 - INFO:
Now processing layer:
Cultural_4xMap
2024-04-16 15:09:33 - INFO:Tilting tiles...
2024-04-16 15:09:51 - INFO:

Processing Division 04...
2024-04-16 15:09:51 - INFO:Creating container dataset for annotation...
2024-04-16 15:09:54 - INFO:
Now processing layer:
Transportation_4xMap
2024-04-16 15:10:58 - INFO:Tilting tiles...
2024-04-16 15:13:56 - INFO:
Now processing layer:
Cultural_4xMap
2024-04-16 15:14:31 - INFO:Tilting tiles...
2024-04-16 15:14:44 - INFO:

Processing Division 05...
2024-04-16 15:14:44 - INFO:Creating container dataset for annotation...
2024-04-16 15:14:47 - INFO:
Now processing layer:
Transportation_4xMap
2024-04-16 15:15:59 - INFO:Tilting tiles...
2024-04-16 15:19:34 - INFO:
Now processing layer:
Cultural_4xMap
2024-04-16 15:20:07 - INFO:Tilting tiles...
2024-04-16 15:20:30 - INFO:

Processing Division 06...
2024-04-16 15:20:31 - INFO:Creating container dataset for annotation...
2024-04-16 15:20:33 - INFO:
Now processing layer:
Transportation_4xMap
2024-04-16 15:21:35 - INFO:Tilting tiles...
2024-04-16 15:23:33 - INFO:Reading GDBs...
2024-04-16 15:23:33 - INFO:Compacting output gdb...
2024-04-16 15:24:01 - INFO:

Processing Division 01...
2024-04-16 15:24:03 - INFO:Deleting existing annotation dataset...
2024-04-16 15:24:11 - INFO:Creating container dataset for annotation...
2024-04-16 15:24:16 - INFO:
Now processing layer:
NonNBISPipes_4xMap
2024-04-16 15:25:08 - INFO:Tilting tiles...
2024-04-16 15:25:39 - INFO:
Now processing layer:
Structures_4xMap
2024-04-16 15:26:13 - INFO:Tilting tiles...
2024-04-16 15:26:29 - INFO:
Now processing layer:
Transportation_4xMap
2024-04-16 15:27:20 - INFO:Tilting tiles...
2024-04-16 15:29:24 - INFO:
Now processing layer:
Boundary_4xMap
2024-04-16 15:30:00 - INFO:Tilting tiles...
2024-04-16 15:30:04 - INFO:
Now processing layer:
Cultural_4xMap
2024-04-16 15:30:43 - INFO:Tilting tiles...
2024-04-16 15:30:56 - INFO:

Processing Division 02...
2024-04-16 15:30:57 - INFO:Deleting existing annotation dataset...
2024-04-16 15:31:05 - INFO:Creating container dataset for annotation...
2024-04-16 15:31:08 - INFO:
Now processing layer:
NonNBISPipes_4xMap
2024-04-16 15:32:00 - INFO:Tilting tiles...
2024-04-16 15:32:35 - INFO:
Now processing layer:
Structures_4xMap
2024-04-16 15:33:12 - INFO:Tilting tiles...
2024-04-16 15:33:33 - INFO:
Now processing layer:
Transportation_4xMap
2024-04-16 15:34:24 - INFO:Tilting tiles...
2024-04-16 15:36:29 - INFO:
Now processing layer:
Boundary_4xMap
2024-04-16 15:37:07 - INFO:Tilting tiles...
2024-04-16 15:37:09 - INFO:
Now processing layer:
Cultural_4xMap
2024-04-16 15:37:49 - INFO:Tilting tiles...
2024-04-16 15:38:17 - INFO:

Processing Division 03...
2024-04-16 15:38:18 - INFO:Deleting existing annotation dataset...
2024-04-16 15:38:25 - INFO:Creating container dataset for annotation...
2024-04-16 15:38:29 - INFO:
Now processing layer:
NonNBISPipes_4xMap
2024-04-16 15:39:19 - INFO:Tilting tiles...
2024-04-16 15:39:53 - INFO:
Now processing layer:
Structures_4xMap
2024-04-16 15:40:28 - INFO:Tilting tiles...
2024-04-16 15:40:52 - INFO:
Now processing layer:
Transportation_4xMap
2024-04-16 15:41:40 - INFO:Tilting tiles...
2024-04-16 15:43:40 - INFO:
Now processing layer:
Boundary_4xMap
2024-04-16 15:44:15 - INFO:Tilting tiles...
2024-04-16 15:44:16 - INFO:
Now processing layer:
Cultural_4xMap
2024-04-16 15:44:51 - INFO:Tilting tiles...
2024-04-16 15:45:08 - INFO:

Processing Division 04...
2024-04-16 15:45:08 - INFO:Deleting existing annotation dataset...
2024-04-16 15:45:14 - INFO:Creating container dataset for annotation...
2024-04-16 15:45:17 - INFO:
Now processing layer:
NonNBISPipes_4xMap
2024-04-16 15:46:07 - INFO:Tilting tiles...
2024-04-16 15:46:50 - INFO:
Now processing layer:
Structures_4xMap
2024-04-16 15:47:26 - INFO:Tilting tiles...
2024-04-16 15:47:56 - INFO:
Now processing layer:
Transportation_4xMap
2024-04-16 15:48:51 - INFO:Tilting tiles...
2024-04-16 15:52:02 - INFO:
Now processing layer:
Boundary_4xMap
2024-04-16 15:52:37 - INFO:Tilting tiles...
2024-04-16 15:52:40 - INFO:
Now processing layer:
Cultural_4xMap
2024-04-16 15:53:22 - INFO:Tilting tiles...
2024-04-16 15:53:38 - INFO:

Processing Division 05...
2024-04-16 15:53:40 - INFO:Deleting existing annotation dataset...
2024-04-16 15:53:47 - INFO:Creating container dataset for annotation...
2024-04-16 15:53:50 - INFO:
Now processing layer:
NonNBISPipes_4xMap
2024-04-16 15:54:42 - INFO:Tilting tiles...
2024-04-16 15:55:22 - INFO:
Now processing layer:
Structures_4xMap
2024-04-16 15:56:02 - INFO:Tilting tiles...
2024-04-16 15:56:50 - INFO:
Now processing layer:
Transportation_4xMap
2024-04-16 15:57:54 - INFO:Tilting tiles...
2024-04-16 16:01:43 - INFO:
Now processing layer:
Boundary_4xMap
2024-04-16 16:02:14 - INFO:Tilting tiles...
2024-04-16 16:02:16 - INFO:
Now processing layer:
Cultural_4xMap
2024-04-16 16:02:50 - INFO:Tilting tiles...
2024-04-16 16:03:12 - INFO:

Processing Division 06...
2024-04-16 16:03:12 - INFO:Deleting existing annotation dataset...
2024-04-16 16:03:18 - INFO:Creating container dataset for annotation...
2024-04-16 16:03:22 - INFO:
Now processing layer:
NonNBISPipes_4xMap
2024-04-16 16:04:09 - INFO:Tilting tiles...
2024-04-16 16:04:41 - INFO:
Now processing layer:
Structures_4xMap
2024-04-16 16:05:18 - INFO:Tilting tiles...
2024-04-16 16:05:45 - INFO:
Now processing layer:
Transportation_4xMap
2024-04-16 16:06:37 - INFO:Tilting tiles...
2024-04-16 16:09:26 - INFO:
Now processing layer:
Boundary_4xMap
2024-04-16 16:10:02 - INFO:Tilting tiles...
2024-04-16 16:10:04 - INFO:
Now processing layer:
Cultural_4xMap
2024-04-16 16:10:44 - INFO:Tilting tiles...
2024-04-16 16:10:54 - INFO:

Processing Division 07...
2024-04-16 16:10:54 - INFO:Creating container dataset for annotation...
2024-04-16 16:10:57 - INFO:
Now processing layer:
NonNBISPipes_4xMap
2024-04-16 16:11:48 - INFO:Tilting tiles...
2024-04-16 16:12:24 - INFO:
Now processing layer:
Structures_4xMap
2024-04-16 16:13:01 - INFO:Tilting tiles...
2024-04-16 16:13:49 - INFO:
Now processing layer:
Transportation_4xMap
2024-04-16 16:14:54 - INFO:Tilting tiles...
2024-04-16 16:18:40 - INFO:
Now processing layer:
Boundary_4xMap
2024-04-16 16:19:12 - INFO:Tilting tiles...
2024-04-16 16:19:14 - INFO:
Now processing layer:
Cultural_4xMap
2024-04-16 16:19:54 - INFO:Tilting tiles...
2024-04-16 16:20:05 - INFO:

Processing Division 08...
2024-04-16 16:20:05 - INFO:Creating container dataset for annotation...
2024-04-16 16:20:08 - INFO:
Now processing layer:
NonNBISPipes_4xMap
2024-04-16 16:20:55 - INFO:Tilting tiles...
2024-04-16 16:21:38 - INFO:
Now processing layer:
Structures_4xMap
2024-04-16 16:22:18 - INFO:Tilting tiles...
2024-04-16 16:22:47 - INFO:
Now processing layer:
Transportation_4xMap
2024-04-16 16:23:52 - INFO:Tilting tiles...
2024-04-16 16:27:49 - INFO:
Now processing layer:
Boundary_4xMap
2024-04-16 16:28:26 - INFO:Tilting tiles...
2024-04-16 16:28:30 - INFO:
Now processing layer:
Cultural_4xMap
2024-04-16 16:29:07 - INFO:Tilting tiles...
2024-04-16 16:29:39 - INFO:

Processing Division 09...
2024-04-16 16:29:39 - INFO:Creating container dataset for annotation...
2024-04-16 16:29:42 - INFO:
Now processing layer:
NonNBISPipes_4xMap
2024-04-16 16:30:24 - INFO:Tilting tiles...
2024-04-16 16:30:57 - INFO:
Now processing layer:
Structures_4xMap
2024-04-16 16:31:31 - INFO:Tilting tiles...
2024-04-16 16:32:11 - INFO:
Now processing layer:
Transportation_4xMap
2024-04-16 16:33:07 - INFO:Tilting tiles...
2024-04-16 16:37:18 - INFO:
Now processing layer:
Boundary_4xMap
2024-04-16 16:37:49 - INFO:Tilting tiles...
2024-04-16 16:37:51 - INFO:
Now processing layer:
Cultural_4xMap
2024-04-16 16:38:27 - INFO:Tilting tiles...
2024-04-16 16:38:38 - INFO:

Processing Division 10...
2024-04-16 16:38:38 - INFO:Creating container dataset for annotation...
2024-04-16 16:38:41 - INFO:
Now processing layer:
NonNBISPipes_4xMap
2024-04-16 16:39:25 - INFO:Tilting tiles...
2024-04-16 16:40:12 - INFO:
Now processing layer:
Structures_4xMap
2024-04-16 16:40:48 - INFO:Tilting tiles...
2024-04-16 16:41:43 - INFO:
Now processing layer:
Transportation_4xMap
2024-04-16 16:42:37 - INFO:Tilting tiles...
2024-04-16 16:46:09 - INFO:
Now processing layer:
Boundary_4xMap
2024-04-16 16:46:47 - INFO:Tilting tiles...
2024-04-16 16:46:48 - INFO:
Now processing layer:
Cultural_4xMap
2024-04-16 16:47:31 - INFO:Tilting tiles...
2024-04-16 16:47:58 - INFO:

Processing Division 11...
2024-04-16 16:47:59 - INFO:Creating container dataset for annotation...
2024-04-16 16:48:03 - INFO:
Now processing layer:
NonNBISPipes_4xMap
2024-04-16 16:48:57 - INFO:Tilting tiles...
2024-04-16 16:50:16 - INFO:
Now processing layer:
Structures_4xMap
2024-04-16 16:50:58 - INFO:Tilting tiles...
2024-04-16 16:51:53 - INFO:
Now processing layer:
Transportation_4xMap
2024-04-16 16:52:52 - INFO:Tilting tiles...
2024-04-16 16:56:55 - INFO:
Now processing layer:
Boundary_4xMap
2024-04-16 16:57:32 - INFO:Tilting tiles...
2024-04-16 16:57:35 - INFO:
Now processing layer:
Cultural_4xMap
2024-04-16 16:58:17 - INFO:Tilting tiles...
2024-04-16 16:58:48 - INFO:

Processing Division 12...
2024-04-16 16:58:48 - INFO:Creating container dataset for annotation...
2024-04-16 16:58:51 - INFO:
Now processing layer:
NonNBISPipes_4xMap
2024-04-16 16:59:38 - INFO:Tilting tiles...
2024-04-16 17:00:24 - INFO:
Now processing layer:
Structures_4xMap
2024-04-16 17:01:00 - INFO:Tilting tiles...
2024-04-16 17:01:42 - INFO:
Now processing layer:
Transportation_4xMap
2024-04-16 17:02:46 - INFO:Tilting tiles...
2024-04-16 17:08:48 - INFO:
Now processing layer:
Boundary_4xMap
2024-04-16 17:09:19 - INFO:Tilting tiles...
2024-04-16 17:09:21 - INFO:
Now processing layer:
Cultural_4xMap
2024-04-16 17:09:55 - INFO:Tilting tiles...
2024-04-16 17:10:29 - INFO:

Processing Division 13...
2024-04-16 17:10:29 - INFO:Creating container dataset for annotation...
2024-04-16 17:10:31 - INFO:
Now processing layer:
NonNBISPipes_4xMap
2024-04-16 17:11:16 - INFO:Tilting tiles...
2024-04-16 17:12:38 - INFO:
Now processing layer:
Structures_4xMap
2024-04-16 17:13:18 - INFO:Tilting tiles...
2024-04-16 17:14:20 - INFO:
Now processing layer:
Transportation_4xMap
2024-04-16 17:15:16 - INFO:Tilting tiles...
2024-04-16 17:19:24 - INFO:
Now processing layer:
Boundary_4xMap
2024-04-16 17:20:01 - INFO:Tilting tiles...
2024-04-16 17:20:06 - INFO:
Now processing layer:
Cultural_4xMap
2024-04-16 17:20:46 - INFO:Tilting tiles...
2024-04-16 17:21:12 - INFO:

Processing Division 14...
2024-04-16 17:21:12 - INFO:Creating container dataset for annotation...
2024-04-16 17:21:15 - INFO:
Now processing layer:
NonNBISPipes_4xMap
2024-04-16 17:22:04 - INFO:Tilting tiles...
2024-04-16 17:23:14 - INFO:
Now processing layer:
Structures_4xMap
2024-04-16 17:23:50 - INFO:Tilting tiles...
2024-04-16 17:24:45 - INFO:
Now processing layer:
Transportation_4xMap
2024-04-16 17:26:00 - INFO:Tilting tiles...
2024-04-16 17:30:45 - INFO:
Now processing layer:
Boundary_4xMap
2024-04-16 17:31:20 - INFO:Tilting tiles...
2024-04-16 17:31:26 - INFO:
Now processing layer:
Cultural_4xMap
2024-04-16 17:32:05 - INFO:Tilting tiles...
2024-05-01 10:32:38 - INFO:Reading GDBs...
2024-05-01 10:32:38 - INFO:Compacting output gdb...
2024-05-01 10:34:35 - INFO:

Processing Division 01...
2024-05-01 10:34:37 - INFO:Deleting existing annotation dataset...
2024-05-01 10:34:50 - INFO:Creating container dataset for annotation...
2024-05-01 10:34:54 - INFO:
Now processing layer:
NonNBISPipes_4xMap
2024-05-01 10:35:50 - INFO:Tilting tiles...
2024-05-01 10:36:36 - INFO:
Now processing layer:
Structures_4xMap
2024-05-01 10:37:14 - INFO:Tilting tiles...
2024-05-01 10:37:38 - INFO:
Now processing layer:
Transportation_4xMap
2024-05-01 10:38:34 - INFO:Tilting tiles...
2024-05-01 10:41:36 - INFO:
Now processing layer:
Boundary_4xMap
2024-05-01 10:42:14 - INFO:Tilting tiles...
2024-05-01 10:42:19 - INFO:
Now processing layer:
Cultural_4xMap
2024-05-01 10:43:03 - INFO:Tilting tiles...
2024-05-01 10:43:19 - INFO:
Now processing layer:
Hydro_4xMap
2024-05-01 10:43:55 - INFO:Tilting tiles...
2024-05-01 10:44:02 - INFO:

Processing Division 02...
2024-05-01 10:44:04 - INFO:Deleting existing annotation dataset...
2024-05-01 10:44:19 - INFO:Creating container dataset for annotation...
2024-05-01 10:44:22 - INFO:
Now processing layer:
NonNBISPipes_4xMap
2024-05-01 10:45:08 - INFO:Tilting tiles...
2024-05-01 10:45:54 - INFO:
Now processing layer:
Structures_4xMap
2024-05-01 10:46:29 - INFO:Tilting tiles...
2024-05-01 10:46:56 - INFO:
Now processing layer:
Transportation_4xMap
2024-05-01 10:47:53 - INFO:Tilting tiles...
2024-05-01 10:51:06 - INFO:
Now processing layer:
Boundary_4xMap
2024-05-01 10:51:45 - INFO:Tilting tiles...
2024-05-01 10:51:49 - INFO:
Now processing layer:
Cultural_4xMap
2024-05-01 10:52:35 - INFO:Tilting tiles...
2024-05-01 10:53:16 - INFO:
Now processing layer:
Hydro_4xMap
2024-05-01 10:53:55 - INFO:Tilting tiles...
2024-05-01 10:54:04 - INFO:

Processing Division 03...
2024-05-01 10:54:06 - INFO:Deleting existing annotation dataset...
2024-05-01 10:54:20 - INFO:Creating container dataset for annotation...
2024-05-01 10:54:23 - INFO:
Now processing layer:
NonNBISPipes_4xMap
2024-05-01 10:55:11 - INFO:Tilting tiles...
2024-05-01 10:55:56 - INFO:
Now processing layer:
Structures_4xMap
2024-05-01 10:56:29 - INFO:Tilting tiles...
2024-05-01 10:56:58 - INFO:
Now processing layer:
Transportation_4xMap
2024-05-01 10:57:49 - INFO:Tilting tiles...
2024-05-01 11:00:34 - INFO:
Now processing layer:
Boundary_4xMap
2024-05-01 11:01:10 - INFO:Tilting tiles...
2024-05-01 11:01:12 - INFO:
Now processing layer:
Cultural_4xMap
2024-05-01 11:01:51 - INFO:Tilting tiles...
2024-05-01 11:02:18 - INFO:
Now processing layer:
Hydro_4xMap
2024-05-01 11:02:54 - INFO:Tilting tiles...
2024-05-01 11:03:02 - INFO:

Processing Division 04...
2024-05-01 11:03:04 - INFO:Deleting existing annotation dataset...
2024-05-01 11:03:15 - INFO:Creating container dataset for annotation...
2024-05-01 11:03:18 - INFO:
Now processing layer:
NonNBISPipes_4xMap
2024-05-01 11:04:05 - INFO:Tilting tiles...
2024-05-01 11:05:00 - INFO:
Now processing layer:
Structures_4xMap
2024-05-01 11:05:39 - INFO:Tilting tiles...
2024-05-01 11:06:18 - INFO:
Now processing layer:
Transportation_4xMap
2024-05-01 11:07:17 - INFO:Tilting tiles...
2024-05-01 11:11:25 - INFO:
Now processing layer:
Boundary_4xMap
2024-05-01 11:11:58 - INFO:Tilting tiles...
2024-05-01 11:12:01 - INFO:
Now processing layer:
Cultural_4xMap
2024-05-01 11:12:36 - INFO:Tilting tiles...
2024-05-01 11:12:54 - INFO:
Now processing layer:
Hydro_4xMap
2024-05-01 11:13:28 - INFO:Tilting tiles...
2024-05-01 11:13:29 - INFO:

Processing Division 05...
2024-05-01 11:13:31 - INFO:Deleting existing annotation dataset...
2024-05-01 11:13:42 - INFO:Creating container dataset for annotation...
2024-05-01 11:13:45 - INFO:
Now processing layer:
NonNBISPipes_4xMap
2024-05-01 11:14:30 - INFO:Tilting tiles...
2024-05-01 11:15:19 - INFO:
Now processing layer:
Structures_4xMap
2024-05-01 11:15:56 - INFO:Tilting tiles...
2024-05-01 11:16:57 - INFO:
Now processing layer:
Transportation_4xMap
2024-05-01 11:18:01 - INFO:Tilting tiles...
2024-05-01 11:23:28 - INFO:
Now processing layer:
Boundary_4xMap
2024-05-01 11:24:06 - INFO:Tilting tiles...
2024-05-01 11:24:08 - INFO:
Now processing layer:
Cultural_4xMap
2024-05-01 11:24:51 - INFO:Tilting tiles...
2024-05-01 11:25:21 - INFO:
Now processing layer:
Hydro_4xMap
2024-05-01 11:26:00 - INFO:Tilting tiles...
2024-05-01 11:26:05 - INFO:

Processing Division 06...
2024-05-01 11:26:07 - INFO:Deleting existing annotation dataset...
2024-05-01 11:26:21 - INFO:Creating container dataset for annotation...
2024-05-01 11:26:24 - INFO:
Now processing layer:
NonNBISPipes_4xMap
2024-05-01 11:27:15 - INFO:Tilting tiles...
2024-05-01 11:27:59 - INFO:
Now processing layer:
Structures_4xMap
2024-05-01 11:28:38 - INFO:Tilting tiles...
2024-05-01 11:29:14 - INFO:
Now processing layer:
Transportation_4xMap
2024-05-01 11:30:11 - INFO:Tilting tiles...
2024-05-01 11:34:14 - INFO:
Now processing layer:
Boundary_4xMap
2024-05-01 11:34:50 - INFO:Tilting tiles...
2024-05-01 11:34:53 - INFO:
Now processing layer:
Cultural_4xMap
2024-05-01 11:35:33 - INFO:Tilting tiles...
2024-05-01 11:35:47 - INFO:
Now processing layer:
Hydro_4xMap
2024-05-01 11:36:23 - INFO:Tilting tiles...
2024-05-01 11:36:26 - INFO:

Processing Division 07...
2024-05-01 11:36:28 - INFO:Deleting existing annotation dataset...
2024-05-01 11:36:42 - INFO:Creating container dataset for annotation...
2024-05-01 11:36:46 - INFO:
Now processing layer:
NonNBISPipes_4xMap
2024-05-01 11:37:35 - INFO:Tilting tiles...
2024-05-01 11:38:23 - INFO:
Now processing layer:
Structures_4xMap
2024-05-01 11:39:01 - INFO:Tilting tiles...
2024-05-01 11:40:07 - INFO:
Now processing layer:
Transportation_4xMap
2024-05-01 11:41:10 - INFO:Tilting tiles...
2024-05-01 11:46:33 - INFO:
Now processing layer:
Boundary_4xMap
2024-05-01 11:47:08 - INFO:Tilting tiles...
2024-05-01 11:47:10 - INFO:
Now processing layer:
Cultural_4xMap
2024-05-01 11:47:50 - INFO:Tilting tiles...
2024-05-01 11:48:05 - INFO:
Now processing layer:
Hydro_4xMap
2024-05-01 11:48:40 - INFO:Tilting tiles...
2024-05-01 11:48:42 - INFO:

Processing Division 08...
2024-05-01 11:48:43 - INFO:Deleting existing annotation dataset...
2024-05-01 11:48:56 - INFO:Creating container dataset for annotation...
2024-05-01 11:48:59 - INFO:
Now processing layer:
NonNBISPipes_4xMap
2024-05-01 11:49:46 - INFO:Tilting tiles...
2024-05-01 11:50:41 - INFO:
Now processing layer:
Structures_4xMap
2024-05-01 11:51:18 - INFO:Tilting tiles...
2024-05-01 11:51:55 - INFO:
Now processing layer:
Transportation_4xMap
2024-05-01 11:52:54 - INFO:Tilting tiles...
2024-05-01 11:58:04 - INFO:
Now processing layer:
Boundary_4xMap
2024-05-01 11:58:36 - INFO:Tilting tiles...
2024-05-01 11:58:43 - INFO:
Now processing layer:
Cultural_4xMap
2024-05-01 11:59:20 - INFO:Tilting tiles...
2024-05-01 12:00:04 - INFO:
Now processing layer:
Hydro_4xMap
2024-05-01 12:00:39 - INFO:Tilting tiles...
2024-05-01 12:00:45 - INFO:

Processing Division 09...
2024-05-01 12:00:47 - INFO:Deleting existing annotation dataset...
2024-05-01 12:01:00 - INFO:Creating container dataset for annotation...
2024-05-01 12:01:03 - INFO:
Now processing layer:
NonNBISPipes_4xMap
2024-05-01 12:01:48 - INFO:Tilting tiles...
2024-05-01 12:02:31 - INFO:
Now processing layer:
Structures_4xMap
2024-05-01 12:03:09 - INFO:Tilting tiles...
2024-05-01 12:03:57 - INFO:
Now processing layer:
Transportation_4xMap
2024-05-01 12:04:53 - INFO:Tilting tiles...
2024-05-01 12:09:28 - INFO:
Now processing layer:
Boundary_4xMap
2024-05-01 12:10:04 - INFO:Tilting tiles...
2024-05-01 12:10:07 - INFO:
Now processing layer:
Cultural_4xMap
2024-05-01 12:10:48 - INFO:Tilting tiles...
2024-05-01 12:11:02 - INFO:
Now processing layer:
Hydro_4xMap
2024-05-01 12:11:43 - INFO:Tilting tiles...
2024-05-01 12:11:45 - INFO:

Processing Division 10...
2024-05-01 12:11:47 - INFO:Deleting existing annotation dataset...
2024-05-01 12:12:01 - INFO:Creating container dataset for annotation...
2024-05-01 12:12:04 - INFO:
Now processing layer:
NonNBISPipes_4xMap
2024-05-01 12:12:54 - INFO:Tilting tiles...
2024-05-01 12:13:45 - INFO:
Now processing layer:
Structures_4xMap
2024-05-01 12:14:28 - INFO:Tilting tiles...
2024-05-01 12:15:22 - INFO:
Now processing layer:
Transportation_4xMap
2024-05-01 12:16:10 - INFO:Tilting tiles...
2024-05-01 12:19:48 - INFO:
Now processing layer:
Boundary_4xMap
2024-05-01 12:20:22 - INFO:Tilting tiles...
2024-05-01 12:20:24 - INFO:
Now processing layer:
Cultural_4xMap
2024-05-01 12:21:05 - INFO:Tilting tiles...
2024-05-01 12:21:33 - INFO:
Now processing layer:
Hydro_4xMap
2024-05-01 12:22:10 - INFO:Tilting tiles...
2024-05-01 12:22:12 - INFO:

Processing Division 11...
2024-05-01 12:22:14 - INFO:Deleting existing annotation dataset...
2024-05-01 12:22:27 - INFO:Creating container dataset for annotation...
2024-05-01 12:22:31 - INFO:
Now processing layer:
NonNBISPipes_4xMap
2024-05-01 12:23:24 - INFO:Tilting tiles...
2024-05-01 12:24:43 - INFO:
Now processing layer:
Structures_4xMap
2024-05-01 12:25:25 - INFO:Tilting tiles...
2024-05-01 12:26:22 - INFO:
Now processing layer:
Transportation_4xMap
2024-05-01 12:27:18 - INFO:Tilting tiles...
2024-05-01 12:31:29 - INFO:
Now processing layer:
Boundary_4xMap
2024-05-01 12:32:06 - INFO:Tilting tiles...
2024-05-01 12:32:08 - INFO:
Now processing layer:
Cultural_4xMap
2024-05-01 12:32:52 - INFO:Tilting tiles...
2024-05-01 12:33:25 - INFO:
Now processing layer:
Hydro_4xMap
2024-05-01 12:34:02 - INFO:Tilting tiles...
2024-05-01 12:34:07 - INFO:

Processing Division 12...
2024-05-01 12:34:10 - INFO:Deleting existing annotation dataset...
2024-05-01 12:34:23 - INFO:Creating container dataset for annotation...
2024-05-01 12:34:26 - INFO:
Now processing layer:
NonNBISPipes_4xMap
2024-05-01 12:35:19 - INFO:Tilting tiles...
2024-05-01 12:36:05 - INFO:
Now processing layer:
Structures_4xMap
2024-05-01 12:36:45 - INFO:Tilting tiles...
2024-05-01 12:37:35 - INFO:
Now processing layer:
Transportation_4xMap
2024-05-01 12:38:40 - INFO:Tilting tiles...
2024-05-01 12:45:08 - INFO:
Now processing layer:
Boundary_4xMap
2024-05-01 12:45:42 - INFO:Tilting tiles...
2024-05-01 12:45:44 - INFO:
Now processing layer:
Cultural_4xMap
2024-05-01 12:46:25 - INFO:Tilting tiles...
2024-05-01 12:47:01 - INFO:
Now processing layer:
Hydro_4xMap
2024-05-01 12:47:40 - INFO:Tilting tiles...
2024-05-01 12:47:46 - INFO:

Processing Division 13...
2024-05-01 12:47:48 - INFO:Deleting existing annotation dataset...
2024-05-01 12:48:02 - INFO:Creating container dataset for annotation...
2024-05-01 12:48:06 - INFO:
Now processing layer:
NonNBISPipes_4xMap
2024-05-01 12:48:59 - INFO:Tilting tiles...
2024-05-01 12:50:27 - INFO:
Now processing layer:
Structures_4xMap
2024-05-01 12:51:09 - INFO:Tilting tiles...
2024-05-01 12:52:14 - INFO:
Now processing layer:
Transportation_4xMap
2024-05-01 12:53:10 - INFO:Tilting tiles...
2024-05-01 12:57:28 - INFO:
Now processing layer:
Boundary_4xMap
2024-05-01 12:58:02 - INFO:Tilting tiles...
2024-05-01 12:58:08 - INFO:
Now processing layer:
Cultural_4xMap
2024-05-01 12:58:48 - INFO:Tilting tiles...
2024-05-01 12:59:17 - INFO:
Now processing layer:
Hydro_4xMap
2024-05-01 12:59:55 - INFO:Tilting tiles...
2024-05-01 13:00:00 - INFO:

Processing Division 14...
2024-05-01 13:00:02 - INFO:Deleting existing annotation dataset...
2024-05-01 13:00:18 - INFO:Creating container dataset for annotation...
2024-05-01 13:00:21 - INFO:
Now processing layer:
NonNBISPipes_4xMap
2024-05-01 13:01:10 - INFO:Tilting tiles...
2024-05-01 13:02:26 - INFO:
Now processing layer:
Structures_4xMap
2024-05-01 13:03:04 - INFO:Tilting tiles...
2024-05-01 13:04:03 - INFO:
Now processing layer:
Transportation_4xMap
2024-05-01 13:05:20 - INFO:Tilting tiles...
2024-05-01 13:09:44 - INFO:
Now processing layer:
Boundary_4xMap
2024-05-01 13:10:19 - INFO:Tilting tiles...
2024-05-01 13:10:25 - INFO:
Now processing layer:
Cultural_4xMap
2024-05-01 13:11:07 - INFO:Tilting tiles...
2024-05-01 13:11:45 - INFO:
Now processing layer:
Hydro_4xMap
2024-05-01 13:12:25 - INFO:Tilting tiles...
2024-05-08 13:04:59 - INFO:Reading GDBs...
2024-05-08 13:04:59 - INFO:Compacting output gdb...
2024-05-08 13:05:04 - INFO:

Processing Division 01...
2024-05-08 13:05:05 - INFO:Creating container dataset for annotation...
2024-05-08 13:05:09 - INFO:
Now processing layer:
NonNBISPipes_8xInsetMap
2024-05-08 13:05:46 - INFO:Tilting tiles...
2024-05-08 13:05:47 - INFO:
Now processing layer:
Structures_8xInsetMap
2024-05-08 13:06:18 - INFO:Tilting tiles...
2024-05-08 13:06:18 - INFO:
Now processing layer:
Transportation_8xInsetMap
2024-05-08 13:06:52 - INFO:Tilting tiles...
2024-05-08 13:06:54 - INFO:
Now processing layer:
Boundary_8xInsetMap
2024-05-08 13:07:30 - INFO:Tilting tiles...
2024-05-08 13:07:30 - INFO:
Now processing layer:
Cultural_8xInsetMap
2024-05-08 13:08:06 - INFO:Tilting tiles...
2024-05-08 13:08:06 - INFO:
Now processing layer:
Hydro_8xInsetMap
2024-05-08 13:08:39 - INFO:Tilting tiles...
2024-05-08 13:08:39 - INFO:

Processing Division 02...
2024-05-08 13:08:40 - INFO:Creating container dataset for annotation...
2024-05-08 13:08:42 - INFO:
Now processing layer:
NonNBISPipes_8xInsetMap
2024-05-08 13:09:20 - INFO:Tilting tiles...
2024-05-08 13:09:21 - INFO:
Now processing layer:
Structures_8xInsetMap
2024-05-08 13:09:54 - INFO:Tilting tiles...
2024-05-08 13:09:55 - INFO:
Now processing layer:
Transportation_8xInsetMap
2024-05-08 13:10:29 - INFO:Tilting tiles...
2024-05-08 13:10:34 - INFO:
Now processing layer:
Boundary_8xInsetMap
2024-05-08 13:11:11 - INFO:Tilting tiles...
2024-05-08 13:11:11 - INFO:
Now processing layer:
Cultural_8xInsetMap
2024-05-08 13:11:45 - INFO:Tilting tiles...
2024-05-08 13:11:46 - INFO:
Now processing layer:
Hydro_8xInsetMap
2024-05-08 13:12:20 - INFO:Tilting tiles...
2024-05-08 13:12:20 - INFO:

Processing Division 03...
2024-05-08 13:12:20 - INFO:Creating container dataset for annotation...
2024-05-08 13:12:23 - INFO:
Now processing layer:
NonNBISPipes_8xInsetMap
2024-05-08 13:13:04 - INFO:Tilting tiles...
2024-05-08 13:13:07 - INFO:
Now processing layer:
Structures_8xInsetMap
2024-05-08 13:13:44 - INFO:Tilting tiles...
2024-05-08 13:13:46 - INFO:
Now processing layer:
Transportation_8xInsetMap
2024-05-08 13:14:30 - INFO:Tilting tiles...
2024-05-08 13:15:15 - INFO:
Now processing layer:
Boundary_8xInsetMap
2024-05-08 13:15:46 - INFO:Tilting tiles...
2024-05-08 13:15:47 - INFO:
Now processing layer:
Cultural_8xInsetMap
2024-05-08 13:16:21 - INFO:Tilting tiles...
2024-05-08 13:16:23 - INFO:
Now processing layer:
Hydro_8xInsetMap
2024-05-08 13:16:56 - INFO:Tilting tiles...
2024-05-08 13:16:57 - INFO:

Processing Division 04...
2024-05-08 13:16:57 - INFO:Creating container dataset for annotation...
2024-05-08 13:17:00 - INFO:
Now processing layer:
NonNBISPipes_8xInsetMap
2024-05-08 13:17:41 - INFO:Tilting tiles...
2024-05-08 13:17:42 - INFO:
Now processing layer:
Structures_8xInsetMap
2024-05-08 13:18:19 - INFO:Tilting tiles...
2024-05-08 13:18:19 - INFO:
Now processing layer:
Transportation_8xInsetMap
2024-05-08 13:18:54 - INFO:Tilting tiles...
2024-05-08 13:19:04 - INFO:
Now processing layer:
Boundary_8xInsetMap
2024-05-08 13:19:42 - INFO:Tilting tiles...
2024-05-08 13:19:42 - INFO:
Now processing layer:
Cultural_8xInsetMap
2024-05-08 13:20:18 - INFO:Tilting tiles...
2024-05-08 13:20:20 - INFO:
Now processing layer:
Hydro_8xInsetMap
2024-05-08 13:20:54 - INFO:Tilting tiles...
2024-05-08 13:20:55 - INFO:

Processing Division 05...
2024-05-08 13:20:55 - INFO:Creating container dataset for annotation...
2024-05-08 13:20:58 - INFO:
Now processing layer:
NonNBISPipes_8xInsetMap
2024-05-08 13:21:38 - INFO:Tilting tiles...
2024-05-08 13:21:42 - INFO:
Now processing layer:
Structures_8xInsetMap
2024-05-08 13:22:15 - INFO:Tilting tiles...
2024-05-08 13:22:16 - INFO:
Now processing layer:
Transportation_8xInsetMap
2024-05-08 13:22:56 - INFO:Tilting tiles...
2024-05-08 13:23:34 - INFO:
Now processing layer:
Boundary_8xInsetMap
2024-05-08 13:24:05 - INFO:Tilting tiles...
2024-05-08 13:24:06 - INFO:
Now processing layer:
Cultural_8xInsetMap
2024-05-08 13:24:43 - INFO:Tilting tiles...
2024-05-08 13:24:45 - INFO:
Now processing layer:
Hydro_8xInsetMap
2024-05-08 13:25:17 - INFO:Tilting tiles...
2024-05-08 13:25:18 - INFO:

Processing Division 06...
2024-05-08 13:25:18 - INFO:Creating container dataset for annotation...
2024-05-08 13:25:21 - INFO:
Now processing layer:
NonNBISPipes_8xInsetMap
2024-05-08 13:25:59 - INFO:Tilting tiles...
2024-05-08 13:26:00 - INFO:
Now processing layer:
Structures_8xInsetMap
2024-05-08 13:26:33 - INFO:Tilting tiles...
2024-05-08 13:26:34 - INFO:
Now processing layer:
Transportation_8xInsetMap
2024-05-08 13:27:10 - INFO:Tilting tiles...
2024-05-08 13:27:18 - INFO:
Now processing layer:
Boundary_8xInsetMap
2024-05-08 13:27:55 - INFO:Tilting tiles...
2024-05-08 13:27:55 - INFO:
Now processing layer:
Cultural_8xInsetMap
2024-05-08 13:28:32 - INFO:Tilting tiles...
2024-05-08 13:28:32 - INFO:
Now processing layer:
Hydro_8xInsetMap
2024-05-08 13:29:08 - INFO:Tilting tiles...
2024-05-08 13:29:08 - INFO:

Processing Division 07...
2024-05-08 13:29:08 - INFO:Creating container dataset for annotation...
2024-05-08 13:29:11 - INFO:
Now processing layer:
NonNBISPipes_8xInsetMap
2024-05-08 13:29:51 - INFO:Tilting tiles...
2024-05-08 13:29:52 - INFO:
Now processing layer:
Structures_8xInsetMap
2024-05-08 13:30:28 - INFO:Tilting tiles...
2024-05-08 13:30:29 - INFO:
Now processing layer:
Transportation_8xInsetMap
2024-05-08 13:31:04 - INFO:Tilting tiles...
2024-05-08 13:31:11 - INFO:
Now processing layer:
Boundary_8xInsetMap
2024-05-08 13:31:51 - INFO:Tilting tiles...
2024-05-08 13:31:52 - INFO:
Now processing layer:
Cultural_8xInsetMap
2024-05-08 13:32:28 - INFO:Tilting tiles...
2024-05-08 13:32:28 - INFO:
Now processing layer:
Hydro_8xInsetMap
2024-05-08 13:33:09 - INFO:Tilting tiles...
2024-05-08 13:33:10 - INFO:

Processing Division 08...
2024-05-08 13:33:10 - INFO:Creating container dataset for annotation...
2024-05-08 13:33:13 - INFO:
Now processing layer:
NonNBISPipes_8xInsetMap
2024-05-08 13:33:52 - INFO:Tilting tiles...
2024-05-08 13:33:53 - INFO:
Now processing layer:
Structures_8xInsetMap
2024-05-08 13:34:28 - INFO:Tilting tiles...
2024-05-08 13:34:29 - INFO:
Now processing layer:
Transportation_8xInsetMap
2024-05-08 13:35:05 - INFO:Tilting tiles...
2024-05-08 13:35:29 - INFO:
Now processing layer:
Boundary_8xInsetMap
2024-05-08 13:36:02 - INFO:Tilting tiles...
2024-05-08 13:36:02 - INFO:
Now processing layer:
Cultural_8xInsetMap
2024-05-08 13:36:37 - INFO:Tilting tiles...
2024-05-08 13:36:37 - INFO:
Now processing layer:
Hydro_8xInsetMap
2024-05-08 13:37:12 - INFO:Tilting tiles...
2024-05-08 13:37:12 - INFO:

Processing Division 09...
2024-05-08 13:37:13 - INFO:Creating container dataset for annotation...
2024-05-08 13:37:15 - INFO:
Now processing layer:
NonNBISPipes_8xInsetMap
2024-05-08 13:37:55 - INFO:Tilting tiles...
2024-05-08 13:37:55 - INFO:
Now processing layer:
Structures_8xInsetMap
2024-05-08 13:38:29 - INFO:Tilting tiles...
2024-05-08 13:38:29 - INFO:
Now processing layer:
Transportation_8xInsetMap
2024-05-08 13:39:05 - INFO:Tilting tiles...
2024-05-08 13:39:11 - INFO:
Now processing layer:
Boundary_8xInsetMap
2024-05-08 13:39:44 - INFO:Tilting tiles...
2024-05-08 13:39:45 - INFO:
Now processing layer:
Cultural_8xInsetMap
2024-05-08 13:40:20 - INFO:Tilting tiles...
2024-05-08 13:40:21 - INFO:
Now processing layer:
Hydro_8xInsetMap
2024-05-08 13:40:59 - INFO:Tilting tiles...
2024-05-08 13:41:00 - INFO:

Processing Division 10...
2024-05-08 13:41:00 - INFO:Creating container dataset for annotation...
2024-05-08 13:41:03 - INFO:
Now processing layer:
NonNBISPipes_8xInsetMap
2024-05-08 13:41:50 - INFO:Tilting tiles...
2024-05-08 13:41:52 - INFO:
Now processing layer:
Structures_8xInsetMap
2024-05-08 13:42:27 - INFO:Tilting tiles...
2024-05-08 13:42:35 - INFO:
Now processing layer:
Transportation_8xInsetMap
2024-05-08 13:43:12 - INFO:Tilting tiles...
2024-05-08 13:43:43 - INFO:
Now processing layer:
Boundary_8xInsetMap
2024-05-08 13:44:13 - INFO:Tilting tiles...
2024-05-08 13:44:14 - INFO:
Now processing layer:
Cultural_8xInsetMap
2024-05-08 13:44:47 - INFO:Tilting tiles...
2024-05-08 13:44:49 - INFO:
Now processing layer:
Hydro_8xInsetMap
2024-05-08 13:45:23 - INFO:Tilting tiles...
2024-05-08 13:45:23 - INFO:

Processing Division 11...
2024-05-08 13:45:23 - INFO:Creating container dataset for annotation...
2024-05-08 13:45:26 - INFO:
Now processing layer:
NonNBISPipes_8xInsetMap
2024-05-08 13:46:14 - INFO:Tilting tiles...
2024-05-08 13:46:15 - INFO:
Now processing layer:
Structures_8xInsetMap
2024-05-08 13:46:53 - INFO:Tilting tiles...
2024-05-08 13:46:53 - INFO:
Now processing layer:
Transportation_8xInsetMap
2024-05-08 13:47:31 - INFO:Tilting tiles...
2024-05-08 13:47:32 - INFO:
Now processing layer:
Boundary_8xInsetMap
2024-05-08 13:48:10 - INFO:Tilting tiles...
2024-05-08 13:48:10 - INFO:
Now processing layer:
Cultural_8xInsetMap
2024-05-08 13:48:49 - INFO:Tilting tiles...
2024-05-08 13:48:49 - INFO:
Now processing layer:
Hydro_8xInsetMap
2024-05-08 13:49:28 - INFO:Tilting tiles...
2024-05-08 13:49:28 - INFO:

Processing Division 12...
2024-05-08 13:49:29 - INFO:Creating container dataset for annotation...
2024-05-08 13:49:31 - INFO:
Now processing layer:
NonNBISPipes_8xInsetMap
2024-05-08 13:50:11 - INFO:Tilting tiles...
2024-05-08 13:50:12 - INFO:
Now processing layer:
Structures_8xInsetMap
2024-05-08 13:50:46 - INFO:Tilting tiles...
2024-05-08 13:50:47 - INFO:
Now processing layer:
Transportation_8xInsetMap
2024-05-08 13:51:22 - INFO:Tilting tiles...
2024-05-08 13:51:32 - INFO:
Now processing layer:
Boundary_8xInsetMap
2024-05-08 13:52:12 - INFO:Tilting tiles...
2024-05-08 13:52:12 - INFO:
Now processing layer:
Cultural_8xInsetMap
2024-05-08 13:52:47 - INFO:Tilting tiles...
2024-05-08 13:52:49 - INFO:
Now processing layer:
Hydro_8xInsetMap
2024-05-08 13:53:23 - INFO:Tilting tiles...
2024-05-08 13:53:24 - INFO:

Processing Division 13...
2024-05-08 13:53:24 - INFO:Creating container dataset for annotation...
2024-05-08 13:53:27 - INFO:
Now processing layer:
NonNBISPipes_8xInsetMap
2024-05-08 13:54:08 - INFO:Tilting tiles...
2024-05-08 13:54:11 - INFO:
Now processing layer:
Structures_8xInsetMap
2024-05-08 13:54:44 - INFO:Tilting tiles...
2024-05-08 13:54:46 - INFO:
Now processing layer:
Transportation_8xInsetMap
2024-05-08 13:55:21 - INFO:Tilting tiles...
2024-05-08 13:55:40 - INFO:
Now processing layer:
Boundary_8xInsetMap
2024-05-08 13:56:14 - INFO:Tilting tiles...
2024-05-08 13:56:14 - INFO:
Now processing layer:
Cultural_8xInsetMap
2024-05-08 13:56:49 - INFO:Tilting tiles...
2024-05-08 13:56:50 - INFO:
Now processing layer:
Hydro_8xInsetMap
2024-05-08 13:57:24 - INFO:Tilting tiles...
2024-05-08 13:57:25 - INFO:

Processing Division 14...
2024-05-08 13:57:25 - INFO:Creating container dataset for annotation...
2024-05-08 13:57:28 - INFO:
Now processing layer:
NonNBISPipes_8xInsetMap
2024-05-08 13:58:12 - INFO:Tilting tiles...
2024-05-08 13:58:13 - INFO:
Now processing layer:
Structures_8xInsetMap
2024-05-08 13:58:50 - INFO:Tilting tiles...
2024-05-08 13:58:51 - INFO:
Now processing layer:
Transportation_8xInsetMap
2024-05-08 13:59:30 - INFO:Tilting tiles...
2024-05-08 13:59:30 - INFO:
Now processing layer:
Boundary_8xInsetMap
2024-05-08 14:00:11 - INFO:Tilting tiles...
2024-05-08 14:00:11 - INFO:
Now processing layer:
Cultural_8xInsetMap
2024-05-08 14:00:50 - INFO:Tilting tiles...
2024-05-08 14:00:50 - INFO:
Now processing layer:
Hydro_8xInsetMap
2024-05-08 14:01:30 - INFO:Tilting tiles...
2024-06-14 15:16:59 - INFO:Loading maps...
2024-06-14 15:17:47 - INFO:Defining AOI...
2024-06-14 15:17:50 - INFO:Processing tile cache...
2024-06-14 15:51:20 - INFO:Loading maps...
2024-06-14 15:52:13 - INFO:Defining AOI...
2024-06-14 15:52:16 - INFO:Processing tile cache...
2024-06-14 16:07:22 - INFO:Loading maps...
2024-06-14 16:08:14 - INFO:Defining AOI...
2024-06-14 16:08:17 - INFO:Processing tile cache...
2024-06-14 16:16:27 - INFO:Loading maps...
2024-06-14 16:17:18 - INFO:Defining AOI...
2024-06-14 16:17:21 - INFO:Processing tile cache...
2024-06-17 13:39:24 - INFO:Loading maps...
2024-06-17 13:40:20 - INFO:Defining AOI...
2024-06-17 13:40:25 - INFO:Processing tile cache...
2024-06-17 13:52:55 - INFO:Processing complete!
2024-06-17 14:15:59 - INFO:Loading maps...
2024-06-17 14:16:50 - INFO:Processing tile cache...
2024-06-17 14:27:50 - INFO:Loading maps...
2024-06-17 14:28:48 - INFO:Processing tile cache...
2024-06-17 14:30:23 - INFO:Loading maps...
2024-06-17 14:31:18 - INFO:Processing tile cache...
2024-06-17 14:42:50 - INFO:Processing complete!
2024-06-17 14:48:08 - INFO:Loading maps...
2024-06-17 14:49:04 - INFO:Processing tile cache...
2024-06-17 15:00:49 - INFO:Processing complete!
2024-06-17 15:04:49 - INFO:Loading maps...
2024-06-17 15:05:47 - INFO:Processing tile cache...
2024-06-17 15:17:49 - INFO:Processing complete!
2024-06-17 15:24:18 - INFO:Loading maps...
2024-06-17 15:25:14 - INFO:Processing tile cache...
2024-06-17 15:30:31 - INFO:Loading maps...
2024-06-17 15:31:24 - INFO:Processing tile cache...
2024-06-17 15:36:47 - INFO:Loading maps...
2024-06-17 15:37:38 - INFO:Processing tile cache...
2024-06-17 15:47:40 - INFO:Loading maps...
2024-06-17 15:48:33 - INFO:Processing tile cache...
2024-06-17 15:59:34 - INFO:Loading maps...
2024-06-17 16:00:28 - INFO:Processing tile cache...
2024-06-17 16:15:27 - INFO:Processing complete!
2024-06-17 16:24:08 - INFO:Loading maps...
2024-06-17 16:25:01 - INFO:Processing tile cache...
2024-06-17 16:41:33 - INFO:Processing complete!
2024-06-17 17:00:33 - INFO:Loading maps...
2024-06-17 17:01:27 - INFO:Processing tile cache...
2024-06-17 17:27:20 - INFO:Processing complete!
2024-06-18 09:02:48 - INFO:Loading maps...
2024-06-18 09:03:36 - INFO:Processing tile cache...
2024-06-18 09:37:50 - INFO:Loading maps...
2024-06-18 09:38:45 - INFO:Processing tile cache...
2024-06-18 10:04:10 - INFO:Loading maps...
2024-06-18 10:05:00 - INFO:Processing tile cache...
2024-06-18 11:00:46 - INFO:Loading maps...
2024-06-18 11:01:38 - INFO:Processing tile cache...
2024-06-18 11:17:49 - INFO:Processing complete!
2024-06-18 11:19:27 - INFO:Loading maps...
2024-06-18 11:20:55 - INFO:Processing tile cache...
2024-06-18 11:37:46 - INFO:Processing complete!
